#-----------------------------------------------------------
# Vivado v2019.1 (64-bit)
# SW Build 2552052 on Fri May 24 14:49:42 MDT 2019
# IP Build 2548770 on Fri May 24 18:01:18 MDT 2019
# Start of session at: Tue May 30 23:10:48 2023
# Process ID: 32076
# Current directory: F:/大二下/计算机组成实验/organ/pkg/lab4/axi_lite
# Command line: vivado.exe -gui_launcher_event rodinguilauncherevent31872 F:\大二下\计算机组成实验\organ\pkg\lab4\axi_lite\axi_lite.xpr
# Log file: F:/大二下/计算机组成实验/organ/pkg/lab4/axi_lite/vivado.log
# Journal file: F:/大二下/计算机组成实验/organ/pkg/lab4/axi_lite\vivado.jou
#-----------------------------------------------------------
start_gui
open_project F:/大二下/计算机组成实验/organ/pkg/lab4/axi_lite/axi_lite.xpr
INFO: [Project 1-313] Project file moved from 'D:/axi_lite' since last save.
Scanning sources...
Finished scanning sources
WARNING: [filemgmt 56-2] IPUserFilesDir: Could not find the directory 'F:/大二下/计算机组成实验/organ/pkg/lab4/axi_lite/axi_lite.ip_user_files', nor could it be found using path 'D:/axi_lite/axi_lite.ip_user_files'.
INFO: [IP_Flow 19-234] Refreshing IP repositories
INFO: [IP_Flow 19-1704] No user IP repositories specified
INFO: [IP_Flow 19-2313] Loaded Vivado IP repository 'F:/Xilinx/Vivado/2019.1/data/ip'.
WARNING: [IP_Flow 19-2162] IP 'blk_mem_gen_0' is locked:
* IP definition 'Block Memory Generator (8.4)' for IP 'blk_mem_gen_0' (customized with software release 2018.3) has a different revision in the IP Catalog.
WARNING: [IP_Flow 19-3664] IP 'design_1_xbar_0' generated file not found 'f:/大二下/计算机组成实验/organ/pkg/lab4/ipshared/b752/hdl/generic_baseblocks_v2_1_vl_rfs.v'. Please regenerate to continue.
WARNING: [IP_Flow 19-3664] IP 'design_1_xbar_0' generated file not found 'f:/大二下/计算机组成实验/organ/pkg/lab4/ipshared/ec67/hdl/axi_infrastructure_v1_1_0.vh'. Please regenerate to continue.
WARNING: [IP_Flow 19-3664] IP 'design_1_xbar_0' generated file not found 'f:/大二下/计算机组成实验/organ/pkg/lab4/ipshared/ec67/hdl/axi_infrastructure_v1_1_vl_rfs.v'. Please regenerate to continue.
WARNING: [IP_Flow 19-3664] IP 'design_1_xbar_0' generated file not found 'f:/大二下/计算机组成实验/organ/pkg/lab4/ipshared/cc23/hdl/axi_register_slice_v2_1_vl_rfs.v'. Please regenerate to continue.
WARNING: [IP_Flow 19-3664] IP 'design_1_xbar_0' generated file not found 'f:/大二下/计算机组成实验/organ/pkg/lab4/ipshared/64f4/simulation/fifo_generator_vlog_beh.v'. Please regenerate to continue.
WARNING: [IP_Flow 19-3664] IP 'design_1_xbar_0' generated file not found 'f:/大二下/计算机组成实验/organ/pkg/lab4/ipshared/64f4/hdl/fifo_generator_v13_2_rfs.vhd'. Please regenerate to continue.
WARNING: [IP_Flow 19-3664] IP 'design_1_xbar_0' generated file not found 'f:/大二下/计算机组成实验/organ/pkg/lab4/ipshared/64f4/hdl/fifo_generator_v13_2_rfs.v'. Please regenerate to continue.
WARNING: [IP_Flow 19-3664] IP 'design_1_xbar_0' generated file not found 'f:/大二下/计算机组成实验/organ/pkg/lab4/ipshared/c4fd/hdl/axi_data_fifo_v2_1_vl_rfs.v'. Please regenerate to continue.
WARNING: [IP_Flow 19-3664] IP 'design_1_xbar_0' generated file not found 'f:/大二下/计算机组成实验/organ/pkg/lab4/ipshared/6c9d/hdl/axi_crossbar_v2_1_vl_rfs.v'. Please regenerate to continue.
WARNING: [IP_Flow 19-2162] IP 'design_1_xbar_0' is locked:
* IP definition 'AXI Crossbar (2.1)' for IP 'design_1_xbar_0' (customized with software release 2018.3) has a different revision in the IP Catalog.
WARNING: [IP_Flow 19-2162] IP 'axi_gpio_0' is locked:
* IP definition 'AXI GPIO (2.0)' for IP 'axi_gpio_0' (customized with software release 2018.3) has a different revision in the IP Catalog.
WARNING: [IP_Flow 19-2162] IP 'axi_gpio_1' is locked:
* IP definition 'AXI GPIO (2.0)' for IP 'axi_gpio_1' (customized with software release 2018.3) has a different revision in the IP Catalog.
INFO: [Project 1-230] Project 'axi_lite.xpr' upgraded for this version of Vivado.
report_ip_status -name ip_status 
update_compile_order -fileset sources_1
upgrade_ip [get_ips  {f:/′ót/ú×é3éé/organ/pkg/lab4/axi_lite/axi_lite.srcs/sources_1/ip/axi_gpio_0/axi_gpio_ f:/′ót/ú×é3éé/organ/pkg/lab4/axi_lite/axi_lite.srcs/sources_1/ip/axi_gpio_1/axi_gpio_ f:/′ót/ú×é3éé/organ/pkg/lab4/axi_lite/axi_lite.srcs/sources_1/ip/blk_mem_gen_0/blk_mem_gen_ f:/′ót/ú×é3éé/organ/pkg/lab4/axi_lite/design_1_xbar_0/design_1_xbar_}] -log ip_upgrade.log
WARNING: [Coretcl 2-176] No IPs found
ERROR: [Common 17-69] Command failed: No IP specified.  Please specify IP with 'objects'
upgrade_ip [get_ips  {f:/′ót/ú×é3éé/organ/pkg/lab4/axi_lite/axi_lite.srcs/sources_1/ip/axi_gpio_0/axi_gpio_ f:/′ót/ú×é3éé/organ/pkg/lab4/axi_lite/axi_lite.srcs/sources_1/ip/axi_gpio_1/axi_gpio_ f:/′ót/ú×é3éé/organ/pkg/lab4/axi_lite/axi_lite.srcs/sources_1/ip/blk_mem_gen_0/blk_mem_gen_ f:/′ót/ú×é3éé/organ/pkg/lab4/axi_lite/design_1_xbar_0/design_1_xbar_}] -log ip_upgrade.log
WARNING: [Coretcl 2-176] No IPs found
ERROR: [Common 17-69] Command failed: No IP specified.  Please specify IP with 'objects'
report_ip_status -name ip_status 
upgrade_ip [get_ips  {f:/′ót/ú×é3éé/organ/pkg/lab4/axi_lite/axi_lite.srcs/sources_1/ip/axi_gpio_0/axi_gpio_ f:/′ót/ú×é3éé/organ/pkg/lab4/axi_lite/axi_lite.srcs/sources_1/ip/axi_gpio_1/axi_gpio_ f:/′ót/ú×é3éé/organ/pkg/lab4/axi_lite/axi_lite.srcs/sources_1/ip/blk_mem_gen_0/blk_mem_gen_ f:/′ót/ú×é3éé/organ/pkg/lab4/axi_lite/design_1_xbar_0/design_1_xbar_}] -log ip_upgrade.log
WARNING: [Coretcl 2-176] No IPs found
ERROR: [Common 17-69] Command failed: No IP specified.  Please specify IP with 'objects'
launch_simulation
INFO: [Vivado 12-5698] Checking validity of IPs in the design for the 'XSim' simulator...
WARNING: [Runs 36-337] The following IPs are either missing output products or output products are not up-to-date for Simulation target. Since these IPs are locked, no update to the output products can be done. 
Please select 'Report IP Status' from the 'Tools/Report' menu or run Tcl command 'report_ip_status' for more information.
F:/大二下/计算机组成实验/organ/pkg/lab4/axi_lite/design_1_xbar_0/design_1_xbar_0.xci

INFO: [Vivado 12-5682] Launching behavioral simulation in 'F:/大二下/计算机组成实验/organ/pkg/lab4/axi_lite/axi_lite.sim/sim_1/behav/xsim'
INFO: [Vivado 12-4795] Using compiled simulation libraries for IPs
INFO: [SIM-utils-51] Simulation object is 'sim_1'
INFO: [USF-XSim-7] Finding pre-compiled libraries...
INFO: [USF-XSim-11] File 'F:/Xilinx/Vivado/2019.1/data/xsim/xsim.ini' copied to run dir:'F:/大二下/计算机组成实验/organ/pkg/lab4/axi_lite/axi_lite.sim/sim_1/behav/xsim'
INFO: [SIM-utils-54] Inspecting design source files for 'soc_tb' in fileset 'sim_1'...
INFO: [SIM-utils-43] Exported 'F:/大二下/计算机组成实验/organ/pkg/lab4/axi_lite/axi_lite.sim/sim_1/behav/xsim/blk_mem_gen_0.mif'
INFO: [SIM-utils-43] Exported 'F:/大二下/计算机组成实验/organ/pkg/lab4/axi_lite/axi_lite.sim/sim_1/behav/xsim/init.coe'
INFO: [USF-XSim-97] Finding global include files...
INFO: [USF-XSim-98] Fetching design files from 'sim_1'...
INFO: [USF-XSim-2] XSim::Compile design
INFO: [USF-XSim-61] Executing 'COMPILE and ANALYZE' step in 'F:/大二下/计算机组成实验/organ/pkg/lab4/axi_lite/axi_lite.sim/sim_1/behav/xsim'
"xvlog --incr --relax -prj soc_tb_vlog.prj"
ERROR: [XSIM 43-4316] Can not find file: f:/大二下/计算机组成实验/organ/pkg/lab4/ipshared/6c9d/hdl/axi_crossbar_v2_1_vl_rfs.v
"xvhdl --incr --relax -prj soc_tb_vhdl.prj"
ERROR: [XSIM 43-4316] Can not find file: f:/大二下/计算机组成实验/organ/pkg/lab4/ipshared/64f4/hdl/fifo_generator_v13_2_rfs.vhd
INFO: [USF-XSim-69] 'compile' step finished in '2' seconds
INFO: [USF-XSim-99] Step results log file:'F:/大二下/计算机组成实验/organ/pkg/lab4/axi_lite/axi_lite.sim/sim_1/behav/xsim/xvlog.log'
ERROR: [USF-XSim-62] 'compile' step failed with error(s). Please check the Tcl console output or 'F:/大二下/计算机组成实验/organ/pkg/lab4/axi_lite/axi_lite.sim/sim_1/behav/xsim/xvlog.log' file for more information.
ERROR: [Vivado 12-4473] Detected error while running simulation. Please correct the issue and retry this operation.
ERROR: [Common 17-39] 'launch_simulation' failed due to earlier errors.
upgrade_ip [get_ips  {f:/′ót/ú×é3éé/organ/pkg/lab4/axi_lite/axi_lite.srcs/sources_1/ip/axi_gpio_0/axi_gpio_ f:/′ót/ú×é3éé/organ/pkg/lab4/axi_lite/axi_lite.srcs/sources_1/ip/axi_gpio_1/axi_gpio_ f:/′ót/ú×é3éé/organ/pkg/lab4/axi_lite/axi_lite.srcs/sources_1/ip/blk_mem_gen_0/blk_mem_gen_ f:/′ót/ú×é3éé/organ/pkg/lab4/axi_lite/design_1_xbar_0/design_1_xbar_}] -log ip_upgrade.log
WARNING: [Coretcl 2-176] No IPs found
ERROR: [Common 17-69] Command failed: No IP specified.  Please specify IP with 'objects'
upgrade_ip [get_ips  {f:/′ót/ú×é3éé/organ/pkg/lab4/axi_lite/axi_lite.srcs/sources_1/ip/axi_gpio_0/axi_gpio_ f:/′ót/ú×é3éé/organ/pkg/lab4/axi_lite/axi_lite.srcs/sources_1/ip/axi_gpio_1/axi_gpio_ f:/′ót/ú×é3éé/organ/pkg/lab4/axi_lite/axi_lite.srcs/sources_1/ip/blk_mem_gen_0/blk_mem_gen_ f:/′ót/ú×é3éé/organ/pkg/lab4/axi_lite/design_1_xbar_0/design_1_xbar_}] -log ip_upgrade.log
WARNING: [Coretcl 2-176] No IPs found
ERROR: [Common 17-69] Command failed: No IP specified.  Please specify IP with 'objects'
upgrade_ip [get_ips  {f:/′ót/ú×é3éé/organ/pkg/lab4/axi_lite/axi_lite.srcs/sources_1/ip/axi_gpio_0/axi_gpio_ f:/′ót/ú×é3éé/organ/pkg/lab4/axi_lite/axi_lite.srcs/sources_1/ip/axi_gpio_1/axi_gpio_ f:/′ót/ú×é3éé/organ/pkg/lab4/axi_lite/axi_lite.srcs/sources_1/ip/blk_mem_gen_0/blk_mem_gen_ f:/′ót/ú×é3éé/organ/pkg/lab4/axi_lite/design_1_xbar_0/design_1_xbar_}] -log ip_upgrade.log
WARNING: [Coretcl 2-176] No IPs found
ERROR: [Common 17-69] Command failed: No IP specified.  Please specify IP with 'objects'
exit
INFO: [Common 17-206] Exiting Vivado at Tue May 30 23:19:24 2023...
